SplitsFree1/proguard/seeds.txt
com.lbconsulting.splits.app.free.R$anim: int fade_in
com.lbconsulting.splits.app.free.R$anim: int fade_out
com.lbconsulting.splits.app.free.R$array: int navDrawerTitles
com.lbconsulting.splits.app.free.R$array: int settings_meet_type_entries
com.lbconsulting.splits.app.free.R$array: int settings_meet_type_values
com.lbconsulting.splits.app.free.R$array: int settings_split_min_duration_entries
com.lbconsulting.splits.app.free.R$array: int settings_split_min_duration_values
com.lbconsulting.splits.app.free.R$array: int swimming_events
com.lbconsulting.splits.app.free.R$array: int track_events
com.lbconsulting.splits.app.free.R$array: int units
com.lbconsulting.splits.app.free.R$attr: int hasStickyHeaders
com.lbconsulting.splits.app.free.R$attr: int isDrawingListUnderStickyHeader
com.lbconsulting.splits.app.free.R$color: int almondBlanched
com.lbconsulting.splits.app.free.R$color: int apptheme_color
com.lbconsulting.splits.app.free.R$color: int aqua
com.lbconsulting.splits.app.free.R$color: int aquaMarine
com.lbconsulting.splits.app.free.R$color: int aquaMarineMedium
com.lbconsulting.splits.app.free.R$color: int azure
com.lbconsulting.splits.app.free.R$color: int beige
com.lbconsulting.splits.app.free.R$color: int bisque
com.lbconsulting.splits.app.free.R$color: int black
com.lbconsulting.splits.app.free.R$color: int blue
com.lbconsulting.splits.app.free.R$color: int blueAlice
com.lbconsulting.splits.app.free.R$color: int blueCadet
com.lbconsulting.splits.app.free.R$color: int blueCornFlower
com.lbconsulting.splits.app.free.R$color: int blueDark
com.lbconsulting.splits.app.free.R$color: int blueDodger
com.lbconsulting.splits.app.free.R$color: int blueLateDark
com.lbconsulting.splits.app.free.R$color: int blueLight
com.lbconsulting.splits.app.free.R$color: int blueMedium
com.lbconsulting.splits.app.free.R$color: int blueMidnight
com.lbconsulting.splits.app.free.R$color: int bluePowder
com.lbconsulting.splits.app.free.R$color: int blueRoyal
com.lbconsulting.splits.app.free.R$color: int blueSky
com.lbconsulting.splits.app.free.R$color: int blueSkyDeep
com.lbconsulting.splits.app.free.R$color: int blueSkyLight
com.lbconsulting.splits.app.free.R$color: int blueSlate
com.lbconsulting.splits.app.free.R$color: int blueSlateMedium
com.lbconsulting.splits.app.free.R$dimen: int TextSizeDialog
com.lbconsulting.splits.app.free.R$dimen: int TextSizeHelp
com.lbconsulting.splits.app.free.R$dimen: int TextSizeNormal
com.lbconsulting.splits.app.free.R$dimen: int TextSizeRaceTimer
com.lbconsulting.splits.app.free.R$dimen: int TextSizeSplitTable
com.lbconsulting.splits.app.free.R$dimen: int activity_horizontal_margin
com.lbconsulting.splits.app.free.R$dimen: int activity_vertical_margin
com.lbconsulting.splits.app.free.R$dimen: int bestTimeDividerHeight
com.lbconsulting.splits.app.free.R$dimen: int btnPadding
com.lbconsulting.splits.app.free.R$dimen: int btnStartSplitStopHeight
com.lbconsulting.splits.app.free.R$dimen: int btnStartSplitStopPadding
com.lbconsulting.splits.app.free.R$dimen: int btnStartSplitStopTextSize
com.lbconsulting.splits.app.free.R$dimen: int btnStartSplitStopWidth
com.lbconsulting.splits.app.free.R$dimen: int create_event_horizontal_margin
com.lbconsulting.splits.app.free.R$dimen: int dialogEntryBottomPadding
com.lbconsulting.splits.app.free.R$dimen: int dialogEntryLeftPadding
com.lbconsulting.splits.app.free.R$dimen: int dialogEntryRightPadding
com.lbconsulting.splits.app.free.R$dimen: int dialogEntryTopPadding
com.lbconsulting.splits.app.free.R$dimen: int dialogMessagePadding
com.lbconsulting.splits.app.free.R$dimen: int frag_create_event_textview_vertical_spacing
com.lbconsulting.splits.app.free.R$dimen: int frag_meets_listview_vertical_margin
...
android.support.v4.widget.DrawerLayout$LayoutParams
android.support.v4.widget.DrawerLayout$LayoutParams: DrawerLayout$LayoutParams(android.content.Context,android.util.AttributeSet)
android.support.v4.widget.DrawerLayout$SavedState
android.support.v4.widget.DrawerLayout$SavedState: android.os.Parcelable$Creator CREATOR
android.support.v4.widget.SlidingPaneLayout
android.support.v4.widget.SlidingPaneLayout: SlidingPaneLayout(android.content.Context,android.util.AttributeSet)
android.support.v4.widget.SlidingPaneLayout: SlidingPaneLayout(android.content.Context,android.util.AttributeSet,int)
android.support.v4.widget.SlidingPaneLayout: void setParallaxDistance(int)
android.support.v4.widget.SlidingPaneLayout: int getParallaxDistance()
android.support.v4.widget.SlidingPaneLayout: void setSliderFadeColor(int)
android.support.v4.widget.SlidingPaneLayout: int getSliderFadeColor()
android.support.v4.widget.SlidingPaneLayout: void setCoveredFadeColor(int)
android.support.v4.widget.SlidingPaneLayout: int getCoveredFadeColor()
android.support.v4.widget.SlidingPaneLayout: void setPanelSlideListener(android.support.v4.widget.SlidingPaneLayout$PanelSlideListener)
android.support.v4.widget.SlidingPaneLayout: void setShadowDrawable(android.graphics.drawable.Drawable)
android.support.v4.widget.SlidingPaneLayout: void setShadowResource(int)
android.support.v4.widget.SlidingPaneLayout$LayoutParams
android.support.v4.widget.SlidingPaneLayout$LayoutParams: SlidingPaneLayout$LayoutParams(android.content.Context,android.util.AttributeSet)
android.support.v4.widget.SlidingPaneLayout$SavedState
android.support.v4.widget.SlidingPaneLayout$SavedState: android.os.Parcelable$Creator CREATOR
android.support.v4.widget.SwipeRefreshLayout
android.support.v4.widget.SwipeRefreshLayout: SwipeRefreshLayout(android.content.Context,android.util.AttributeSet)
android.support.v4.widget.SwipeRefreshLayout: void setOnRefreshListener(android.support.v4.widget.SwipeRefreshLayout$OnRefreshListener)
android.support.v4.widget.SwipeRefreshLayout: void setTriggerPercentage(float)
android.support.v4.widget.SwipeRefreshLayout: void setRefreshing(boolean)
android.support.v4.widget.SwipeRefreshLayout: void setTargetOffsetTopAndBottom(int)
com.flurry.android.Constants
com.flurry.android.Constants: byte UNKNOWN
com.flurry.android.Constants: byte FEMALE
com.flurry.android.Constants: byte MALE
com.flurry.android.FlurryAgent
com.flurry.android.FlurryAgent: java.lang.String a
com.flurry.android.FlurryAgent: FlurryAgent()
com.flurry.android.FlurryAgent: void setVersionName(java.lang.String)
com.flurry.android.FlurryAgent: int getAgentVersion()
com.flurry.android.FlurryAgent: java.lang.String getReleaseVersion()
com.flurry.android.FlurryAgent: void setReportLocation(boolean)
com.flurry.android.FlurryAgent: void setLocation(float,float)
com.flurry.android.FlurryAgent: void clearLocation()
com.flurry.android.FlurryAgent: void setLogEnabled(boolean)
com.flurry.android.FlurryAgent: void setLogLevel(int)
com.flurry.android.FlurryAgent: void setContinueSessionMillis(long)
com.flurry.android.FlurryAgent: void setLogEvents(boolean)
com.flurry.android.FlurryAgent: void setUseHttps(boolean)
com.flurry.android.FlurryAgent: boolean getUseHttps()
com.flurry.android.FlurryAgent: void setCaptureUncaughtExceptions(boolean)
com.flurry.android.FlurryAgent: void addOrigin(java.lang.String,java.lang.String)
com.flurry.android.FlurryAgent: void addOrigin(java.lang.String,java.lang.String,java.util.Map)
com.flurry.android.FlurryAgent: void onStartSession(android.content.Context,java.lang.String)
com.flurry.android.FlurryAgent: void onEndSession(android.content.Context)
com.flurry.android.FlurryAgent: void logEvent(java.lang.String)
com.flurry.android.FlurryAgent: void logEvent(java.lang.String,java.util.Map)
com.flurry.android.FlurryAgent: void logEvent(java.lang.String,boolean)