SplitsFree1/proguard/usage.txt
com.lbconsulting.splits.app.free.BuildConfig
com.lbconsulting.splits.app.free.R
com.lbconsulting.splits.app.free.R$anim
com.lbconsulting.splits.app.free.R$array
com.lbconsulting.splits.app.free.R$attr
com.lbconsulting.splits.app.free.R$color
com.lbconsulting.splits.app.free.R$dimen
com.lbconsulting.splits.app.free.R$drawable
com.lbconsulting.splits.app.free.R$id
com.lbconsulting.splits.app.free.R$integer
com.lbconsulting.splits.app.free.R$layout
com.lbconsulting.splits.app.free.R$menu
com.lbconsulting.splits.app.free.R$plurals
com.lbconsulting.splits.app.free.R$string
com.lbconsulting.splits.app.free.R$style
com.lbconsulting.splits.app.free.R$styleable
com.lbconsulting.splits.app.free.R$xml
...
android.support.v4.content.CursorLoader
android.support.v4.content.FileProvider:
    private static final java.lang.String META_DATA_FILE_PROVIDER_PATHS
    private static final java.lang.String TAG_ROOT_PATH
    private static final java.lang.String TAG_FILES_PATH
    private static final java.lang.String TAG_CACHE_PATH
    private static final java.lang.String TAG_EXTERNAL
    private static final java.lang.String ATTR_NAME
    private static final java.lang.String ATTR_PATH
    376:377:public static android.net.Uri getUriForFile(android.content.Context,java.lang.String,java.io.File)
android.support.v4.content.FileProvider$PathStrategy:
    public abstract android.net.Uri getUriForFile(java.io.File)
android.support.v4.content.FileProvider$SimplePathStrategy:
    662:692:public android.net.Uri getUriForFile(java.io.File)
android.support.v4.content.IntentCompat
android.support.v4.content.IntentCompat$IntentCompatImpl
android.support.v4.content.IntentCompat$IntentCompatImplBase
android.support.v4.content.IntentCompat$IntentCompatImplHC
android.support.v4.content.IntentCompat$IntentCompatImplIcsMr1
android.support.v4.content.IntentCompatHoneycomb
android.support.v4.content.IntentCompatIcsMr1
android.support.v4.content.Loader:
    android.content.Context mContext
    38:93:public Loader(android.content.Context)
    103:106:public void deliverResult(java.lang.Object)
    112:112:public android.content.Context getContext()
    119:119:public int getId()
    158:158:public boolean isStarted()
    167:167:public boolean isAbandoned()
    176:176:public boolean isReset()
    218:219:public void forceLoad()
    226:226:protected void onForceLoad()
    262:264:public void abandon()
    276:276:protected void onAbandon()
    314:317:public boolean takeContentChanged()
    328:329:public void commitContentChanged()
    339:342:public void rollbackContentChanged()
    353:361:public void onContentChanged()
android.support.v4.content.Loader$ForceLoadContentObserver
android.support.v4.content.Loader$OnLoadCompleteListener:
    public abstract void onLoadComplete(android.support.v4.content.Loader,java.lang.Object)
android.support.v4.content.LocalBroadcastManager
android.support.v4.content.LocalBroadcastManager$1
android.support.v4.content.LocalBroadcastManager$BroadcastRecord
android.support.v4.content.LocalBroadcastManager$ReceiverRecord
android.support.v4.content.ModernAsyncTask:
    private static final java.lang.String LOG_TAG
    private static final int CORE_POOL_SIZE
    private static final int MAXIMUM_POOL_SIZE
    private static final int KEEP_ALIVE
    private static final int MESSAGE_POST_RESULT
    private static final int MESSAGE_POST_PROGRESS
    private final android.support.v4.content.ModernAsyncTask$WorkerRunnable mWorker
    private final java.util.concurrent.atomic.AtomicBoolean mTaskInvoked
    106:107:public static void init()
    111:112:public static void setDefaultExecutor(java.util.concurrent.Executor)
    81:147:public ModernAsyncTask()
    150:154:private void postResultIfNotInvoked(java.lang.Object)
    157:160:private java.lang.Object postResult(java.lang.Object)
    169:169:public final android.support.v4.content.ModernAsyncTask$Status getStatus()
    protected varargs abstract java.lang.Object doInBackground(java.lang.Object[])
    197:197:protected void onPreExecute()
    306:306:public final boolean cancel(boolean)
    321:321:public final java.lang.Object get()
    341:341:public final java.lang.Object get(long,java.util.concurrent.TimeUnit)
    371:371:public final varargs android.support.v4.content.ModernAsyncTask execute(java.lang.Object[])
    406:425:public final varargs android.support.v4.content.ModernAsyncTask executeOnExecutor(java.util.concurrent.Executor,java.lang.Object[])
    433:434:public static void execute(java.lang.Runnable)
android.support.v4.content.ModernAsyncTask$2
android.support.v4.content.ModernAsyncTask$3
android.support.v4.content.ModernAsyncTask$4